Terminals which are not used

   '&'
   '|'
   OPE_LESSTHAN_LESSTHAN
   OPE_LESSTHAN_LESSTHAN_EQ
   OPE_MORETHAN_MORETHAN_EQ
   OPE_MORETHAN_MORETHAN
   '['
   OPE_HAT_EQ
   ']'
   '~'


Grammar

    0 $accept: calculation $end

    1 calculation: /* empty */
    2            | calculation line

    3 line: NEWLINE
    4     | EXPRESSION ';' NEWLINE
    5     | EXPRESSION NEWLINE
    6     | error NEWLINE
    7     | HELP NEWLINE
    8     | QUIT NEWLINE
    9     | END_OF_FILE

   10 EXPRESSION: FLOAT_VALUE
   11           | VARIABLE
   12           | VARIABLE '=' EXPRESSION
   13           | VARIABLE OPE_SLASH_EQ EXPRESSION
   14           | VARIABLE OPE_MINUS_EQ EXPRESSION
   15           | VARIABLE OPE_PLUS_EQ EXPRESSION
   16           | VARIABLE OPE_TIMES_EQ EXPRESSION
   17           | VARIABLE OPE_PERC_EQ EXPRESSION
   18           | EXPRESSION OPE_VERT_VERT EXPRESSION
   19           | EXPRESSION OPE_AND_AND EXPRESSION
   20           | EXPRESSION OPE_EQ_EQ EXPRESSION
   21           | EXPRESSION OPE_EXCL_EQ EXPRESSION
   22           | EXPRESSION '>' EXPRESSION
   23           | EXPRESSION OPE_MORETHAN_EQ EXPRESSION
   24           | EXPRESSION '<' EXPRESSION
   25           | EXPRESSION OPE_LESSTHAN_EQ EXPRESSION
   26           | EXPRESSION '+' EXPRESSION
   27           | EXPRESSION '-' EXPRESSION
   28           | EXPRESSION '*' EXPRESSION
   29           | EXPRESSION '/' EXPRESSION
   30           | EXPRESSION '%' EXPRESSION
   31           | '!' EXPRESSION
   32           | '-' EXPRESSION
   33           | '+' EXPRESSION
   34           | ONE_OPERATOR_FUNCTION '(' EXPRESSION ')'
   35           | VARIABLE OPE_PLUS_PLUS
   36           | VARIABLE OPE_MINUS_MINUS
   37           | '(' EXPRESSION ')'


Terminals, with rules where they appear

$end (0) 0
'!' (33) 31
'%' (37) 30
'&' (38)
'(' (40) 34 37
')' (41) 34 37
'*' (42) 28
'+' (43) 26 33
'-' (45) 27 32
'/' (47) 29
';' (59) 4
'<' (60) 24
'=' (61) 12
'>' (62) 22
'[' (91)
']' (93)
'|' (124)
'~' (126)
error (256) 6
FLOAT_VALUE (258) 10
VARIABLE (259) 11 12 13 14 15 16 17 35 36
ONE_OPERATOR_FUNCTION (260) 34
END_OF_FILE (261) 9
OPE_SLASH_EQ (262) 13
OPE_AND_AND (263) 19
OPE_VERT_VERT (264) 18
OPE_MINUS_EQ (265) 14
OPE_MINUS_MINUS (266) 36
OPE_PLUS_EQ (267) 15
OPE_PLUS_PLUS (268) 35
OPE_LESSTHAN_EQ (269) 25
OPE_LESSTHAN_LESSTHAN (270)
OPE_LESSTHAN_LESSTHAN_EQ (271)
OPE_MORETHAN_EQ (272) 23
OPE_MORETHAN_MORETHAN_EQ (273)
OPE_MORETHAN_MORETHAN (274)
OPE_EXCL_EQ (275) 21
OPE_EQ_EQ (276) 20
OPE_TIMES_EQ (277) 16
OPE_PERC_EQ (278) 17
OPE_HAT_EQ (279)
NEWLINE (280) 3 4 5 6 7 8
QUIT (281) 8
HELP (282) 7
NEGATE (283)


Nonterminals, with rules where they appear

$accept (46)
    on left: 0
calculation (47)
    on left: 1 2, on right: 0 2
line (48)
    on left: 3 4 5 6 7 8 9, on right: 2
EXPRESSION (49)
    on left: 10 11 12 13 14 15 16 17 18 19 20 21 22 23 24 25 26 27
    28 29 30 31 32 33 34 35 36 37, on right: 4 5 12 13 14 15 16 17
    18 19 20 21 22 23 24 25 26 27 28 29 30 31 32 33 34 37


state 0

    0 $accept: . calculation $end

    $default  reduce using rule 1 (calculation)

    calculation  go to state 1


state 1

    0 $accept: calculation . $end
    2 calculation: calculation . line

    $end                   shift, and go to state 2
    error                  shift, and go to state 3
    FLOAT_VALUE            shift, and go to state 4
    VARIABLE               shift, and go to state 5
    ONE_OPERATOR_FUNCTION  shift, and go to state 6
    END_OF_FILE            shift, and go to state 7
    '+'                    shift, and go to state 8
    '-'                    shift, and go to state 9
    '('                    shift, and go to state 10
    '!'                    shift, and go to state 11
    NEWLINE                shift, and go to state 12
    QUIT                   shift, and go to state 13
    HELP                   shift, and go to state 14

    line        go to state 15
    EXPRESSION  go to state 16


state 2

    0 $accept: calculation $end .

    $default  accept


state 3

    6 line: error . NEWLINE

    NEWLINE  shift, and go to state 17


state 4

   10 EXPRESSION: FLOAT_VALUE .

    $default  reduce using rule 10 (EXPRESSION)


state 5

   11 EXPRESSION: VARIABLE .
   12           | VARIABLE . '=' EXPRESSION
   13           | VARIABLE . OPE_SLASH_EQ EXPRESSION
   14           | VARIABLE . OPE_MINUS_EQ EXPRESSION
   15           | VARIABLE . OPE_PLUS_EQ EXPRESSION
   16           | VARIABLE . OPE_TIMES_EQ EXPRESSION
   17           | VARIABLE . OPE_PERC_EQ EXPRESSION
   35           | VARIABLE . OPE_PLUS_PLUS
   36           | VARIABLE . OPE_MINUS_MINUS

    OPE_SLASH_EQ     shift, and go to state 18
    OPE_MINUS_EQ     shift, and go to state 19
    OPE_MINUS_MINUS  shift, and go to state 20
    OPE_PLUS_EQ      shift, and go to state 21
    OPE_PLUS_PLUS    shift, and go to state 22
    OPE_TIMES_EQ     shift, and go to state 23
    OPE_PERC_EQ      shift, and go to state 24
    '='              shift, and go to state 25

    $default  reduce using rule 11 (EXPRESSION)


state 6

   34 EXPRESSION: ONE_OPERATOR_FUNCTION . '(' EXPRESSION ')'

    '('  shift, and go to state 26


state 7

    9 line: END_OF_FILE .

    $default  reduce using rule 9 (line)


state 8

   33 EXPRESSION: '+' . EXPRESSION

    FLOAT_VALUE            shift, and go to state 4
    VARIABLE               shift, and go to state 5
    ONE_OPERATOR_FUNCTION  shift, and go to state 6
    '+'                    shift, and go to state 8
    '-'                    shift, and go to state 9
    '('                    shift, and go to state 10
    '!'                    shift, and go to state 11

    EXPRESSION  go to state 27


state 9

   32 EXPRESSION: '-' . EXPRESSION

    FLOAT_VALUE            shift, and go to state 4
    VARIABLE               shift, and go to state 5
    ONE_OPERATOR_FUNCTION  shift, and go to state 6
    '+'                    shift, and go to state 8
    '-'                    shift, and go to state 9
    '('                    shift, and go to state 10
    '!'                    shift, and go to state 11

    EXPRESSION  go to state 28


state 10

   37 EXPRESSION: '(' . EXPRESSION ')'

    FLOAT_VALUE            shift, and go to state 4
    VARIABLE               shift, and go to state 5
    ONE_OPERATOR_FUNCTION  shift, and go to state 6
    '+'                    shift, and go to state 8
    '-'                    shift, and go to state 9
    '('                    shift, and go to state 10
    '!'                    shift, and go to state 11

    EXPRESSION  go to state 29


state 11

   31 EXPRESSION: '!' . EXPRESSION

    FLOAT_VALUE            shift, and go to state 4
    VARIABLE               shift, and go to state 5
    ONE_OPERATOR_FUNCTION  shift, and go to state 6
    '+'                    shift, and go to state 8
    '-'                    shift, and go to state 9
    '('                    shift, and go to state 10
    '!'                    shift, and go to state 11

    EXPRESSION  go to state 30


state 12

    3 line: NEWLINE .

    $default  reduce using rule 3 (line)


state 13

    8 line: QUIT . NEWLINE

    NEWLINE  shift, and go to state 31


state 14

    7 line: HELP . NEWLINE

    NEWLINE  shift, and go to state 32


state 15

    2 calculation: calculation line .

    $default  reduce using rule 2 (calculation)


state 16

    4 line: EXPRESSION . ';' NEWLINE
    5     | EXPRESSION . NEWLINE
   18 EXPRESSION: EXPRESSION . OPE_VERT_VERT EXPRESSION
   19           | EXPRESSION . OPE_AND_AND EXPRESSION
   20           | EXPRESSION . OPE_EQ_EQ EXPRESSION
   21           | EXPRESSION . OPE_EXCL_EQ EXPRESSION
   22           | EXPRESSION . '>' EXPRESSION
   23           | EXPRESSION . OPE_MORETHAN_EQ EXPRESSION
   24           | EXPRESSION . '<' EXPRESSION
   25           | EXPRESSION . OPE_LESSTHAN_EQ EXPRESSION
   26           | EXPRESSION . '+' EXPRESSION
   27           | EXPRESSION . '-' EXPRESSION
   28           | EXPRESSION . '*' EXPRESSION
   29           | EXPRESSION . '/' EXPRESSION
   30           | EXPRESSION . '%' EXPRESSION

    '+'              shift, and go to state 33
    '-'              shift, and go to state 34
    '*'              shift, and go to state 35
    '/'              shift, and go to state 36
    OPE_AND_AND      shift, and go to state 37
    OPE_VERT_VERT    shift, and go to state 38
    '<'              shift, and go to state 39
    OPE_LESSTHAN_EQ  shift, and go to state 40
    '>'              shift, and go to state 41
    OPE_MORETHAN_EQ  shift, and go to state 42
    OPE_EXCL_EQ      shift, and go to state 43
    OPE_EQ_EQ        shift, and go to state 44
    ';'              shift, and go to state 45
    '%'              shift, and go to state 46
    NEWLINE          shift, and go to state 47


state 17

    6 line: error NEWLINE .

    $default  reduce using rule 6 (line)


state 18

   13 EXPRESSION: VARIABLE OPE_SLASH_EQ . EXPRESSION

    FLOAT_VALUE            shift, and go to state 4
    VARIABLE               shift, and go to state 5
    ONE_OPERATOR_FUNCTION  shift, and go to state 6
    '+'                    shift, and go to state 8
    '-'                    shift, and go to state 9
    '('                    shift, and go to state 10
    '!'                    shift, and go to state 11

    EXPRESSION  go to state 48


state 19

   14 EXPRESSION: VARIABLE OPE_MINUS_EQ . EXPRESSION

    FLOAT_VALUE            shift, and go to state 4
    VARIABLE               shift, and go to state 5
    ONE_OPERATOR_FUNCTION  shift, and go to state 6
    '+'                    shift, and go to state 8
    '-'                    shift, and go to state 9
    '('                    shift, and go to state 10
    '!'                    shift, and go to state 11

    EXPRESSION  go to state 49


state 20

   36 EXPRESSION: VARIABLE OPE_MINUS_MINUS .

    $default  reduce using rule 36 (EXPRESSION)


state 21

   15 EXPRESSION: VARIABLE OPE_PLUS_EQ . EXPRESSION

    FLOAT_VALUE            shift, and go to state 4
    VARIABLE               shift, and go to state 5
    ONE_OPERATOR_FUNCTION  shift, and go to state 6
    '+'                    shift, and go to state 8
    '-'                    shift, and go to state 9
    '('                    shift, and go to state 10
    '!'                    shift, and go to state 11

    EXPRESSION  go to state 50


state 22

   35 EXPRESSION: VARIABLE OPE_PLUS_PLUS .

    $default  reduce using rule 35 (EXPRESSION)


state 23

   16 EXPRESSION: VARIABLE OPE_TIMES_EQ . EXPRESSION

    FLOAT_VALUE            shift, and go to state 4
    VARIABLE               shift, and go to state 5
    ONE_OPERATOR_FUNCTION  shift, and go to state 6
    '+'                    shift, and go to state 8
    '-'                    shift, and go to state 9
    '('                    shift, and go to state 10
    '!'                    shift, and go to state 11

    EXPRESSION  go to state 51


state 24

   17 EXPRESSION: VARIABLE OPE_PERC_EQ . EXPRESSION

    FLOAT_VALUE            shift, and go to state 4
    VARIABLE               shift, and go to state 5
    ONE_OPERATOR_FUNCTION  shift, and go to state 6
    '+'                    shift, and go to state 8
    '-'                    shift, and go to state 9
    '('                    shift, and go to state 10
    '!'                    shift, and go to state 11

    EXPRESSION  go to state 52


state 25

   12 EXPRESSION: VARIABLE '=' . EXPRESSION

    FLOAT_VALUE            shift, and go to state 4
    VARIABLE               shift, and go to state 5
    ONE_OPERATOR_FUNCTION  shift, and go to state 6
    '+'                    shift, and go to state 8
    '-'                    shift, and go to state 9
    '('                    shift, and go to state 10
    '!'                    shift, and go to state 11

    EXPRESSION  go to state 53


state 26

   34 EXPRESSION: ONE_OPERATOR_FUNCTION '(' . EXPRESSION ')'

    FLOAT_VALUE            shift, and go to state 4
    VARIABLE               shift, and go to state 5
    ONE_OPERATOR_FUNCTION  shift, and go to state 6
    '+'                    shift, and go to state 8
    '-'                    shift, and go to state 9
    '('                    shift, and go to state 10
    '!'                    shift, and go to state 11

    EXPRESSION  go to state 54


state 27

   18 EXPRESSION: EXPRESSION . OPE_VERT_VERT EXPRESSION
   19           | EXPRESSION . OPE_AND_AND EXPRESSION
   20           | EXPRESSION . OPE_EQ_EQ EXPRESSION
   21           | EXPRESSION . OPE_EXCL_EQ EXPRESSION
   22           | EXPRESSION . '>' EXPRESSION
   23           | EXPRESSION . OPE_MORETHAN_EQ EXPRESSION
   24           | EXPRESSION . '<' EXPRESSION
   25           | EXPRESSION . OPE_LESSTHAN_EQ EXPRESSION
   26           | EXPRESSION . '+' EXPRESSION
   27           | EXPRESSION . '-' EXPRESSION
   28           | EXPRESSION . '*' EXPRESSION
   29           | EXPRESSION . '/' EXPRESSION
   30           | EXPRESSION . '%' EXPRESSION
   33           | '+' EXPRESSION .

    '*'              shift, and go to state 35
    '/'              shift, and go to state 36
    OPE_AND_AND      shift, and go to state 37
    OPE_VERT_VERT    shift, and go to state 38
    '<'              shift, and go to state 39
    OPE_LESSTHAN_EQ  shift, and go to state 40
    '>'              shift, and go to state 41
    OPE_MORETHAN_EQ  shift, and go to state 42
    OPE_EXCL_EQ      shift, and go to state 43
    OPE_EQ_EQ        shift, and go to state 44
    '%'              shift, and go to state 46

    $default  reduce using rule 33 (EXPRESSION)


state 28

   18 EXPRESSION: EXPRESSION . OPE_VERT_VERT EXPRESSION
   19           | EXPRESSION . OPE_AND_AND EXPRESSION
   20           | EXPRESSION . OPE_EQ_EQ EXPRESSION
   21           | EXPRESSION . OPE_EXCL_EQ EXPRESSION
   22           | EXPRESSION . '>' EXPRESSION
   23           | EXPRESSION . OPE_MORETHAN_EQ EXPRESSION
   24           | EXPRESSION . '<' EXPRESSION
   25           | EXPRESSION . OPE_LESSTHAN_EQ EXPRESSION
   26           | EXPRESSION . '+' EXPRESSION
   27           | EXPRESSION . '-' EXPRESSION
   28           | EXPRESSION . '*' EXPRESSION
   29           | EXPRESSION . '/' EXPRESSION
   30           | EXPRESSION . '%' EXPRESSION
   32           | '-' EXPRESSION .

    $default  reduce using rule 32 (EXPRESSION)


state 29

   18 EXPRESSION: EXPRESSION . OPE_VERT_VERT EXPRESSION
   19           | EXPRESSION . OPE_AND_AND EXPRESSION
   20           | EXPRESSION . OPE_EQ_EQ EXPRESSION
   21           | EXPRESSION . OPE_EXCL_EQ EXPRESSION
   22           | EXPRESSION . '>' EXPRESSION
   23           | EXPRESSION . OPE_MORETHAN_EQ EXPRESSION
   24           | EXPRESSION . '<' EXPRESSION
   25           | EXPRESSION . OPE_LESSTHAN_EQ EXPRESSION
   26           | EXPRESSION . '+' EXPRESSION
   27           | EXPRESSION . '-' EXPRESSION
   28           | EXPRESSION . '*' EXPRESSION
   29           | EXPRESSION . '/' EXPRESSION
   30           | EXPRESSION . '%' EXPRESSION
   37           | '(' EXPRESSION . ')'

    '+'              shift, and go to state 33
    '-'              shift, and go to state 34
    '*'              shift, and go to state 35
    '/'              shift, and go to state 36
    ')'              shift, and go to state 55
    OPE_AND_AND      shift, and go to state 37
    OPE_VERT_VERT    shift, and go to state 38
    '<'              shift, and go to state 39
    OPE_LESSTHAN_EQ  shift, and go to state 40
    '>'              shift, and go to state 41
    OPE_MORETHAN_EQ  shift, and go to state 42
    OPE_EXCL_EQ      shift, and go to state 43
    OPE_EQ_EQ        shift, and go to state 44
    '%'              shift, and go to state 46


state 30

   18 EXPRESSION: EXPRESSION . OPE_VERT_VERT EXPRESSION
   19           | EXPRESSION . OPE_AND_AND EXPRESSION
   20           | EXPRESSION . OPE_EQ_EQ EXPRESSION
   21           | EXPRESSION . OPE_EXCL_EQ EXPRESSION
   22           | EXPRESSION . '>' EXPRESSION
   23           | EXPRESSION . OPE_MORETHAN_EQ EXPRESSION
   24           | EXPRESSION . '<' EXPRESSION
   25           | EXPRESSION . OPE_LESSTHAN_EQ EXPRESSION
   26           | EXPRESSION . '+' EXPRESSION
   27           | EXPRESSION . '-' EXPRESSION
   28           | EXPRESSION . '*' EXPRESSION
   29           | EXPRESSION . '/' EXPRESSION
   30           | EXPRESSION . '%' EXPRESSION
   31           | '!' EXPRESSION .

    '+'              shift, and go to state 33
    '-'              shift, and go to state 34
    '*'              shift, and go to state 35
    '/'              shift, and go to state 36
    OPE_AND_AND      shift, and go to state 37
    OPE_VERT_VERT    shift, and go to state 38
    '<'              shift, and go to state 39
    OPE_LESSTHAN_EQ  shift, and go to state 40
    '>'              shift, and go to state 41
    OPE_MORETHAN_EQ  shift, and go to state 42
    OPE_EXCL_EQ      shift, and go to state 43
    OPE_EQ_EQ        shift, and go to state 44
    '%'              shift, and go to state 46

    $default  reduce using rule 31 (EXPRESSION)


state 31

    8 line: QUIT NEWLINE .

    $default  reduce using rule 8 (line)


state 32

    7 line: HELP NEWLINE .

    $default  reduce using rule 7 (line)


state 33

   26 EXPRESSION: EXPRESSION '+' . EXPRESSION

    FLOAT_VALUE            shift, and go to state 4
    VARIABLE               shift, and go to state 5
    ONE_OPERATOR_FUNCTION  shift, and go to state 6
    '+'                    shift, and go to state 8
    '-'                    shift, and go to state 9
    '('                    shift, and go to state 10
    '!'                    shift, and go to state 11

    EXPRESSION  go to state 56


state 34

   27 EXPRESSION: EXPRESSION '-' . EXPRESSION

    FLOAT_VALUE            shift, and go to state 4
    VARIABLE               shift, and go to state 5
    ONE_OPERATOR_FUNCTION  shift, and go to state 6
    '+'                    shift, and go to state 8
    '-'                    shift, and go to state 9
    '('                    shift, and go to state 10
    '!'                    shift, and go to state 11

    EXPRESSION  go to state 57


state 35

   28 EXPRESSION: EXPRESSION '*' . EXPRESSION

    FLOAT_VALUE            shift, and go to state 4
    VARIABLE               shift, and go to state 5
    ONE_OPERATOR_FUNCTION  shift, and go to state 6
    '+'                    shift, and go to state 8
    '-'                    shift, and go to state 9
    '('                    shift, and go to state 10
    '!'                    shift, and go to state 11

    EXPRESSION  go to state 58


state 36

   29 EXPRESSION: EXPRESSION '/' . EXPRESSION

    FLOAT_VALUE            shift, and go to state 4
    VARIABLE               shift, and go to state 5
    ONE_OPERATOR_FUNCTION  shift, and go to state 6
    '+'                    shift, and go to state 8
    '-'                    shift, and go to state 9
    '('                    shift, and go to state 10
    '!'                    shift, and go to state 11

    EXPRESSION  go to state 59


state 37

   19 EXPRESSION: EXPRESSION OPE_AND_AND . EXPRESSION

    FLOAT_VALUE            shift, and go to state 4
    VARIABLE               shift, and go to state 5
    ONE_OPERATOR_FUNCTION  shift, and go to state 6
    '+'                    shift, and go to state 8
    '-'                    shift, and go to state 9
    '('                    shift, and go to state 10
    '!'                    shift, and go to state 11

    EXPRESSION  go to state 60


state 38

   18 EXPRESSION: EXPRESSION OPE_VERT_VERT . EXPRESSION

    FLOAT_VALUE            shift, and go to state 4
    VARIABLE               shift, and go to state 5
    ONE_OPERATOR_FUNCTION  shift, and go to state 6
    '+'                    shift, and go to state 8
    '-'                    shift, and go to state 9
    '('                    shift, and go to state 10
    '!'                    shift, and go to state 11

    EXPRESSION  go to state 61


state 39

   24 EXPRESSION: EXPRESSION '<' . EXPRESSION

    FLOAT_VALUE            shift, and go to state 4
    VARIABLE               shift, and go to state 5
    ONE_OPERATOR_FUNCTION  shift, and go to state 6
    '+'                    shift, and go to state 8
    '-'                    shift, and go to state 9
    '('                    shift, and go to state 10
    '!'                    shift, and go to state 11

    EXPRESSION  go to state 62


state 40

   25 EXPRESSION: EXPRESSION OPE_LESSTHAN_EQ . EXPRESSION

    FLOAT_VALUE            shift, and go to state 4
    VARIABLE               shift, and go to state 5
    ONE_OPERATOR_FUNCTION  shift, and go to state 6
    '+'                    shift, and go to state 8
    '-'                    shift, and go to state 9
    '('                    shift, and go to state 10
    '!'                    shift, and go to state 11

    EXPRESSION  go to state 63


state 41

   22 EXPRESSION: EXPRESSION '>' . EXPRESSION

    FLOAT_VALUE            shift, and go to state 4
    VARIABLE               shift, and go to state 5
    ONE_OPERATOR_FUNCTION  shift, and go to state 6
    '+'                    shift, and go to state 8
    '-'                    shift, and go to state 9
    '('                    shift, and go to state 10
    '!'                    shift, and go to state 11

    EXPRESSION  go to state 64


state 42

   23 EXPRESSION: EXPRESSION OPE_MORETHAN_EQ . EXPRESSION

    FLOAT_VALUE            shift, and go to state 4
    VARIABLE               shift, and go to state 5
    ONE_OPERATOR_FUNCTION  shift, and go to state 6
    '+'                    shift, and go to state 8
    '-'                    shift, and go to state 9
    '('                    shift, and go to state 10
    '!'                    shift, and go to state 11

    EXPRESSION  go to state 65


state 43

   21 EXPRESSION: EXPRESSION OPE_EXCL_EQ . EXPRESSION

    FLOAT_VALUE            shift, and go to state 4
    VARIABLE               shift, and go to state 5
    ONE_OPERATOR_FUNCTION  shift, and go to state 6
    '+'                    shift, and go to state 8
    '-'                    shift, and go to state 9
    '('                    shift, and go to state 10
    '!'                    shift, and go to state 11

    EXPRESSION  go to state 66


state 44

   20 EXPRESSION: EXPRESSION OPE_EQ_EQ . EXPRESSION

    FLOAT_VALUE            shift, and go to state 4
    VARIABLE               shift, and go to state 5
    ONE_OPERATOR_FUNCTION  shift, and go to state 6
    '+'                    shift, and go to state 8
    '-'                    shift, and go to state 9
    '('                    shift, and go to state 10
    '!'                    shift, and go to state 11

    EXPRESSION  go to state 67


state 45

    4 line: EXPRESSION ';' . NEWLINE

    NEWLINE  shift, and go to state 68


state 46

   30 EXPRESSION: EXPRESSION '%' . EXPRESSION

    FLOAT_VALUE            shift, and go to state 4
    VARIABLE               shift, and go to state 5
    ONE_OPERATOR_FUNCTION  shift, and go to state 6
    '+'                    shift, and go to state 8
    '-'                    shift, and go to state 9
    '('                    shift, and go to state 10
    '!'                    shift, and go to state 11

    EXPRESSION  go to state 69


state 47

    5 line: EXPRESSION NEWLINE .

    $default  reduce using rule 5 (line)


state 48

   13 EXPRESSION: VARIABLE OPE_SLASH_EQ EXPRESSION .
   18           | EXPRESSION . OPE_VERT_VERT EXPRESSION
   19           | EXPRESSION . OPE_AND_AND EXPRESSION
   20           | EXPRESSION . OPE_EQ_EQ EXPRESSION
   21           | EXPRESSION . OPE_EXCL_EQ EXPRESSION
   22           | EXPRESSION . '>' EXPRESSION
   23           | EXPRESSION . OPE_MORETHAN_EQ EXPRESSION
   24           | EXPRESSION . '<' EXPRESSION
   25           | EXPRESSION . OPE_LESSTHAN_EQ EXPRESSION
   26           | EXPRESSION . '+' EXPRESSION
   27           | EXPRESSION . '-' EXPRESSION
   28           | EXPRESSION . '*' EXPRESSION
   29           | EXPRESSION . '/' EXPRESSION
   30           | EXPRESSION . '%' EXPRESSION

    '+'              shift, and go to state 33
    '-'              shift, and go to state 34
    '*'              shift, and go to state 35
    '/'              shift, and go to state 36
    OPE_AND_AND      shift, and go to state 37
    OPE_VERT_VERT    shift, and go to state 38
    '<'              shift, and go to state 39
    OPE_LESSTHAN_EQ  shift, and go to state 40
    '>'              shift, and go to state 41
    OPE_MORETHAN_EQ  shift, and go to state 42
    OPE_EXCL_EQ      shift, and go to state 43
    OPE_EQ_EQ        shift, and go to state 44
    '%'              shift, and go to state 46

    $default  reduce using rule 13 (EXPRESSION)


state 49

   14 EXPRESSION: VARIABLE OPE_MINUS_EQ EXPRESSION .
   18           | EXPRESSION . OPE_VERT_VERT EXPRESSION
   19           | EXPRESSION . OPE_AND_AND EXPRESSION
   20           | EXPRESSION . OPE_EQ_EQ EXPRESSION
   21           | EXPRESSION . OPE_EXCL_EQ EXPRESSION
   22           | EXPRESSION . '>' EXPRESSION
   23           | EXPRESSION . OPE_MORETHAN_EQ EXPRESSION
   24           | EXPRESSION . '<' EXPRESSION
   25           | EXPRESSION . OPE_LESSTHAN_EQ EXPRESSION
   26           | EXPRESSION . '+' EXPRESSION
   27           | EXPRESSION . '-' EXPRESSION
   28           | EXPRESSION . '*' EXPRESSION
   29           | EXPRESSION . '/' EXPRESSION
   30           | EXPRESSION . '%' EXPRESSION

    '+'              shift, and go to state 33
    '-'              shift, and go to state 34
    '*'              shift, and go to state 35
    '/'              shift, and go to state 36
    OPE_AND_AND      shift, and go to state 37
    OPE_VERT_VERT    shift, and go to state 38
    '<'              shift, and go to state 39
    OPE_LESSTHAN_EQ  shift, and go to state 40
    '>'              shift, and go to state 41
    OPE_MORETHAN_EQ  shift, and go to state 42
    OPE_EXCL_EQ      shift, and go to state 43
    OPE_EQ_EQ        shift, and go to state 44
    '%'              shift, and go to state 46

    $default  reduce using rule 14 (EXPRESSION)


state 50

   15 EXPRESSION: VARIABLE OPE_PLUS_EQ EXPRESSION .
   18           | EXPRESSION . OPE_VERT_VERT EXPRESSION
   19           | EXPRESSION . OPE_AND_AND EXPRESSION
   20           | EXPRESSION . OPE_EQ_EQ EXPRESSION
   21           | EXPRESSION . OPE_EXCL_EQ EXPRESSION
   22           | EXPRESSION . '>' EXPRESSION
   23           | EXPRESSION . OPE_MORETHAN_EQ EXPRESSION
   24           | EXPRESSION . '<' EXPRESSION
   25           | EXPRESSION . OPE_LESSTHAN_EQ EXPRESSION
   26           | EXPRESSION . '+' EXPRESSION
   27           | EXPRESSION . '-' EXPRESSION
   28           | EXPRESSION . '*' EXPRESSION
   29           | EXPRESSION . '/' EXPRESSION
   30           | EXPRESSION . '%' EXPRESSION

    '+'              shift, and go to state 33
    '-'              shift, and go to state 34
    '*'              shift, and go to state 35
    '/'              shift, and go to state 36
    OPE_AND_AND      shift, and go to state 37
    OPE_VERT_VERT    shift, and go to state 38
    '<'              shift, and go to state 39
    OPE_LESSTHAN_EQ  shift, and go to state 40
    '>'              shift, and go to state 41
    OPE_MORETHAN_EQ  shift, and go to state 42
    OPE_EXCL_EQ      shift, and go to state 43
    OPE_EQ_EQ        shift, and go to state 44
    '%'              shift, and go to state 46

    $default  reduce using rule 15 (EXPRESSION)


state 51

   16 EXPRESSION: VARIABLE OPE_TIMES_EQ EXPRESSION .
   18           | EXPRESSION . OPE_VERT_VERT EXPRESSION
   19           | EXPRESSION . OPE_AND_AND EXPRESSION
   20           | EXPRESSION . OPE_EQ_EQ EXPRESSION
   21           | EXPRESSION . OPE_EXCL_EQ EXPRESSION
   22           | EXPRESSION . '>' EXPRESSION
   23           | EXPRESSION . OPE_MORETHAN_EQ EXPRESSION
   24           | EXPRESSION . '<' EXPRESSION
   25           | EXPRESSION . OPE_LESSTHAN_EQ EXPRESSION
   26           | EXPRESSION . '+' EXPRESSION
   27           | EXPRESSION . '-' EXPRESSION
   28           | EXPRESSION . '*' EXPRESSION
   29           | EXPRESSION . '/' EXPRESSION
   30           | EXPRESSION . '%' EXPRESSION

    '+'              shift, and go to state 33
    '-'              shift, and go to state 34
    '*'              shift, and go to state 35
    '/'              shift, and go to state 36
    OPE_AND_AND      shift, and go to state 37
    OPE_VERT_VERT    shift, and go to state 38
    '<'              shift, and go to state 39
    OPE_LESSTHAN_EQ  shift, and go to state 40
    '>'              shift, and go to state 41
    OPE_MORETHAN_EQ  shift, and go to state 42
    OPE_EXCL_EQ      shift, and go to state 43
    OPE_EQ_EQ        shift, and go to state 44
    '%'              shift, and go to state 46

    $default  reduce using rule 16 (EXPRESSION)


state 52

   17 EXPRESSION: VARIABLE OPE_PERC_EQ EXPRESSION .
   18           | EXPRESSION . OPE_VERT_VERT EXPRESSION
   19           | EXPRESSION . OPE_AND_AND EXPRESSION
   20           | EXPRESSION . OPE_EQ_EQ EXPRESSION
   21           | EXPRESSION . OPE_EXCL_EQ EXPRESSION
   22           | EXPRESSION . '>' EXPRESSION
   23           | EXPRESSION . OPE_MORETHAN_EQ EXPRESSION
   24           | EXPRESSION . '<' EXPRESSION
   25           | EXPRESSION . OPE_LESSTHAN_EQ EXPRESSION
   26           | EXPRESSION . '+' EXPRESSION
   27           | EXPRESSION . '-' EXPRESSION
   28           | EXPRESSION . '*' EXPRESSION
   29           | EXPRESSION . '/' EXPRESSION
   30           | EXPRESSION . '%' EXPRESSION

    '+'              shift, and go to state 33
    '-'              shift, and go to state 34
    '*'              shift, and go to state 35
    '/'              shift, and go to state 36
    OPE_AND_AND      shift, and go to state 37
    OPE_VERT_VERT    shift, and go to state 38
    '<'              shift, and go to state 39
    OPE_LESSTHAN_EQ  shift, and go to state 40
    '>'              shift, and go to state 41
    OPE_MORETHAN_EQ  shift, and go to state 42
    OPE_EXCL_EQ      shift, and go to state 43
    OPE_EQ_EQ        shift, and go to state 44
    '%'              shift, and go to state 46

    $default  reduce using rule 17 (EXPRESSION)


state 53

   12 EXPRESSION: VARIABLE '=' EXPRESSION .
   18           | EXPRESSION . OPE_VERT_VERT EXPRESSION
   19           | EXPRESSION . OPE_AND_AND EXPRESSION
   20           | EXPRESSION . OPE_EQ_EQ EXPRESSION
   21           | EXPRESSION . OPE_EXCL_EQ EXPRESSION
   22           | EXPRESSION . '>' EXPRESSION
   23           | EXPRESSION . OPE_MORETHAN_EQ EXPRESSION
   24           | EXPRESSION . '<' EXPRESSION
   25           | EXPRESSION . OPE_LESSTHAN_EQ EXPRESSION
   26           | EXPRESSION . '+' EXPRESSION
   27           | EXPRESSION . '-' EXPRESSION
   28           | EXPRESSION . '*' EXPRESSION
   29           | EXPRESSION . '/' EXPRESSION
   30           | EXPRESSION . '%' EXPRESSION

    '+'              shift, and go to state 33
    '-'              shift, and go to state 34
    '*'              shift, and go to state 35
    '/'              shift, and go to state 36
    OPE_AND_AND      shift, and go to state 37
    OPE_VERT_VERT    shift, and go to state 38
    '<'              shift, and go to state 39
    OPE_LESSTHAN_EQ  shift, and go to state 40
    '>'              shift, and go to state 41
    OPE_MORETHAN_EQ  shift, and go to state 42
    OPE_EXCL_EQ      shift, and go to state 43
    OPE_EQ_EQ        shift, and go to state 44
    '%'              shift, and go to state 46

    $default  reduce using rule 12 (EXPRESSION)


state 54

   18 EXPRESSION: EXPRESSION . OPE_VERT_VERT EXPRESSION
   19           | EXPRESSION . OPE_AND_AND EXPRESSION
   20           | EXPRESSION . OPE_EQ_EQ EXPRESSION
   21           | EXPRESSION . OPE_EXCL_EQ EXPRESSION
   22           | EXPRESSION . '>' EXPRESSION
   23           | EXPRESSION . OPE_MORETHAN_EQ EXPRESSION
   24           | EXPRESSION . '<' EXPRESSION
   25           | EXPRESSION . OPE_LESSTHAN_EQ EXPRESSION
   26           | EXPRESSION . '+' EXPRESSION
   27           | EXPRESSION . '-' EXPRESSION
   28           | EXPRESSION . '*' EXPRESSION
   29           | EXPRESSION . '/' EXPRESSION
   30           | EXPRESSION . '%' EXPRESSION
   34           | ONE_OPERATOR_FUNCTION '(' EXPRESSION . ')'

    '+'              shift, and go to state 33
    '-'              shift, and go to state 34
    '*'              shift, and go to state 35
    '/'              shift, and go to state 36
    ')'              shift, and go to state 70
    OPE_AND_AND      shift, and go to state 37
    OPE_VERT_VERT    shift, and go to state 38
    '<'              shift, and go to state 39
    OPE_LESSTHAN_EQ  shift, and go to state 40
    '>'              shift, and go to state 41
    OPE_MORETHAN_EQ  shift, and go to state 42
    OPE_EXCL_EQ      shift, and go to state 43
    OPE_EQ_EQ        shift, and go to state 44
    '%'              shift, and go to state 46


state 55

   37 EXPRESSION: '(' EXPRESSION ')' .

    $default  reduce using rule 37 (EXPRESSION)


state 56

   18 EXPRESSION: EXPRESSION . OPE_VERT_VERT EXPRESSION
   19           | EXPRESSION . OPE_AND_AND EXPRESSION
   20           | EXPRESSION . OPE_EQ_EQ EXPRESSION
   21           | EXPRESSION . OPE_EXCL_EQ EXPRESSION
   22           | EXPRESSION . '>' EXPRESSION
   23           | EXPRESSION . OPE_MORETHAN_EQ EXPRESSION
   24           | EXPRESSION . '<' EXPRESSION
   25           | EXPRESSION . OPE_LESSTHAN_EQ EXPRESSION
   26           | EXPRESSION . '+' EXPRESSION
   26           | EXPRESSION '+' EXPRESSION .
   27           | EXPRESSION . '-' EXPRESSION
   28           | EXPRESSION . '*' EXPRESSION
   29           | EXPRESSION . '/' EXPRESSION
   30           | EXPRESSION . '%' EXPRESSION

    '*'              shift, and go to state 35
    '/'              shift, and go to state 36
    OPE_AND_AND      shift, and go to state 37
    OPE_VERT_VERT    shift, and go to state 38
    '<'              shift, and go to state 39
    OPE_LESSTHAN_EQ  shift, and go to state 40
    '>'              shift, and go to state 41
    OPE_MORETHAN_EQ  shift, and go to state 42
    OPE_EXCL_EQ      shift, and go to state 43
    OPE_EQ_EQ        shift, and go to state 44
    '%'              shift, and go to state 46

    $default  reduce using rule 26 (EXPRESSION)


state 57

   18 EXPRESSION: EXPRESSION . OPE_VERT_VERT EXPRESSION
   19           | EXPRESSION . OPE_AND_AND EXPRESSION
   20           | EXPRESSION . OPE_EQ_EQ EXPRESSION
   21           | EXPRESSION . OPE_EXCL_EQ EXPRESSION
   22           | EXPRESSION . '>' EXPRESSION
   23           | EXPRESSION . OPE_MORETHAN_EQ EXPRESSION
   24           | EXPRESSION . '<' EXPRESSION
   25           | EXPRESSION . OPE_LESSTHAN_EQ EXPRESSION
   26           | EXPRESSION . '+' EXPRESSION
   27           | EXPRESSION . '-' EXPRESSION
   27           | EXPRESSION '-' EXPRESSION .
   28           | EXPRESSION . '*' EXPRESSION
   29           | EXPRESSION . '/' EXPRESSION
   30           | EXPRESSION . '%' EXPRESSION

    '*'              shift, and go to state 35
    '/'              shift, and go to state 36
    OPE_AND_AND      shift, and go to state 37
    OPE_VERT_VERT    shift, and go to state 38
    '<'              shift, and go to state 39
    OPE_LESSTHAN_EQ  shift, and go to state 40
    '>'              shift, and go to state 41
    OPE_MORETHAN_EQ  shift, and go to state 42
    OPE_EXCL_EQ      shift, and go to state 43
    OPE_EQ_EQ        shift, and go to state 44
    '%'              shift, and go to state 46

    $default  reduce using rule 27 (EXPRESSION)


state 58

   18 EXPRESSION: EXPRESSION . OPE_VERT_VERT EXPRESSION
   19           | EXPRESSION . OPE_AND_AND EXPRESSION
   20           | EXPRESSION . OPE_EQ_EQ EXPRESSION
   21           | EXPRESSION . OPE_EXCL_EQ EXPRESSION
   22           | EXPRESSION . '>' EXPRESSION
   23           | EXPRESSION . OPE_MORETHAN_EQ EXPRESSION
   24           | EXPRESSION . '<' EXPRESSION
   25           | EXPRESSION . OPE_LESSTHAN_EQ EXPRESSION
   26           | EXPRESSION . '+' EXPRESSION
   27           | EXPRESSION . '-' EXPRESSION
   28           | EXPRESSION . '*' EXPRESSION
   28           | EXPRESSION '*' EXPRESSION .
   29           | EXPRESSION . '/' EXPRESSION
   30           | EXPRESSION . '%' EXPRESSION

    $default  reduce using rule 28 (EXPRESSION)


state 59

   18 EXPRESSION: EXPRESSION . OPE_VERT_VERT EXPRESSION
   19           | EXPRESSION . OPE_AND_AND EXPRESSION
   20           | EXPRESSION . OPE_EQ_EQ EXPRESSION
   21           | EXPRESSION . OPE_EXCL_EQ EXPRESSION
   22           | EXPRESSION . '>' EXPRESSION
   23           | EXPRESSION . OPE_MORETHAN_EQ EXPRESSION
   24           | EXPRESSION . '<' EXPRESSION
   25           | EXPRESSION . OPE_LESSTHAN_EQ EXPRESSION
   26           | EXPRESSION . '+' EXPRESSION
   27           | EXPRESSION . '-' EXPRESSION
   28           | EXPRESSION . '*' EXPRESSION
   29           | EXPRESSION . '/' EXPRESSION
   29           | EXPRESSION '/' EXPRESSION .
   30           | EXPRESSION . '%' EXPRESSION

    $default  reduce using rule 29 (EXPRESSION)


state 60

   18 EXPRESSION: EXPRESSION . OPE_VERT_VERT EXPRESSION
   19           | EXPRESSION . OPE_AND_AND EXPRESSION
   19           | EXPRESSION OPE_AND_AND EXPRESSION .
   20           | EXPRESSION . OPE_EQ_EQ EXPRESSION
   21           | EXPRESSION . OPE_EXCL_EQ EXPRESSION
   22           | EXPRESSION . '>' EXPRESSION
   23           | EXPRESSION . OPE_MORETHAN_EQ EXPRESSION
   24           | EXPRESSION . '<' EXPRESSION
   25           | EXPRESSION . OPE_LESSTHAN_EQ EXPRESSION
   26           | EXPRESSION . '+' EXPRESSION
   27           | EXPRESSION . '-' EXPRESSION
   28           | EXPRESSION . '*' EXPRESSION
   29           | EXPRESSION . '/' EXPRESSION
   30           | EXPRESSION . '%' EXPRESSION

    '*'  shift, and go to state 35
    '/'  shift, and go to state 36
    '%'  shift, and go to state 46

    $default  reduce using rule 19 (EXPRESSION)


state 61

   18 EXPRESSION: EXPRESSION . OPE_VERT_VERT EXPRESSION
   18           | EXPRESSION OPE_VERT_VERT EXPRESSION .
   19           | EXPRESSION . OPE_AND_AND EXPRESSION
   20           | EXPRESSION . OPE_EQ_EQ EXPRESSION
   21           | EXPRESSION . OPE_EXCL_EQ EXPRESSION
   22           | EXPRESSION . '>' EXPRESSION
   23           | EXPRESSION . OPE_MORETHAN_EQ EXPRESSION
   24           | EXPRESSION . '<' EXPRESSION
   25           | EXPRESSION . OPE_LESSTHAN_EQ EXPRESSION
   26           | EXPRESSION . '+' EXPRESSION
   27           | EXPRESSION . '-' EXPRESSION
   28           | EXPRESSION . '*' EXPRESSION
   29           | EXPRESSION . '/' EXPRESSION
   30           | EXPRESSION . '%' EXPRESSION

    '*'  shift, and go to state 35
    '/'  shift, and go to state 36
    '%'  shift, and go to state 46

    $default  reduce using rule 18 (EXPRESSION)


state 62

   18 EXPRESSION: EXPRESSION . OPE_VERT_VERT EXPRESSION
   19           | EXPRESSION . OPE_AND_AND EXPRESSION
   20           | EXPRESSION . OPE_EQ_EQ EXPRESSION
   21           | EXPRESSION . OPE_EXCL_EQ EXPRESSION
   22           | EXPRESSION . '>' EXPRESSION
   23           | EXPRESSION . OPE_MORETHAN_EQ EXPRESSION
   24           | EXPRESSION . '<' EXPRESSION
   24           | EXPRESSION '<' EXPRESSION .
   25           | EXPRESSION . OPE_LESSTHAN_EQ EXPRESSION
   26           | EXPRESSION . '+' EXPRESSION
   27           | EXPRESSION . '-' EXPRESSION
   28           | EXPRESSION . '*' EXPRESSION
   29           | EXPRESSION . '/' EXPRESSION
   30           | EXPRESSION . '%' EXPRESSION

    '*'  shift, and go to state 35
    '/'  shift, and go to state 36
    '%'  shift, and go to state 46

    $default  reduce using rule 24 (EXPRESSION)


state 63

   18 EXPRESSION: EXPRESSION . OPE_VERT_VERT EXPRESSION
   19           | EXPRESSION . OPE_AND_AND EXPRESSION
   20           | EXPRESSION . OPE_EQ_EQ EXPRESSION
   21           | EXPRESSION . OPE_EXCL_EQ EXPRESSION
   22           | EXPRESSION . '>' EXPRESSION
   23           | EXPRESSION . OPE_MORETHAN_EQ EXPRESSION
   24           | EXPRESSION . '<' EXPRESSION
   25           | EXPRESSION . OPE_LESSTHAN_EQ EXPRESSION
   25           | EXPRESSION OPE_LESSTHAN_EQ EXPRESSION .
   26           | EXPRESSION . '+' EXPRESSION
   27           | EXPRESSION . '-' EXPRESSION
   28           | EXPRESSION . '*' EXPRESSION
   29           | EXPRESSION . '/' EXPRESSION
   30           | EXPRESSION . '%' EXPRESSION

    '*'  shift, and go to state 35
    '/'  shift, and go to state 36
    '%'  shift, and go to state 46

    $default  reduce using rule 25 (EXPRESSION)


state 64

   18 EXPRESSION: EXPRESSION . OPE_VERT_VERT EXPRESSION
   19           | EXPRESSION . OPE_AND_AND EXPRESSION
   20           | EXPRESSION . OPE_EQ_EQ EXPRESSION
   21           | EXPRESSION . OPE_EXCL_EQ EXPRESSION
   22           | EXPRESSION . '>' EXPRESSION
   22           | EXPRESSION '>' EXPRESSION .
   23           | EXPRESSION . OPE_MORETHAN_EQ EXPRESSION
   24           | EXPRESSION . '<' EXPRESSION
   25           | EXPRESSION . OPE_LESSTHAN_EQ EXPRESSION
   26           | EXPRESSION . '+' EXPRESSION
   27           | EXPRESSION . '-' EXPRESSION
   28           | EXPRESSION . '*' EXPRESSION
   29           | EXPRESSION . '/' EXPRESSION
   30           | EXPRESSION . '%' EXPRESSION

    '*'  shift, and go to state 35
    '/'  shift, and go to state 36
    '%'  shift, and go to state 46

    $default  reduce using rule 22 (EXPRESSION)


state 65

   18 EXPRESSION: EXPRESSION . OPE_VERT_VERT EXPRESSION
   19           | EXPRESSION . OPE_AND_AND EXPRESSION
   20           | EXPRESSION . OPE_EQ_EQ EXPRESSION
   21           | EXPRESSION . OPE_EXCL_EQ EXPRESSION
   22           | EXPRESSION . '>' EXPRESSION
   23           | EXPRESSION . OPE_MORETHAN_EQ EXPRESSION
   23           | EXPRESSION OPE_MORETHAN_EQ EXPRESSION .
   24           | EXPRESSION . '<' EXPRESSION
   25           | EXPRESSION . OPE_LESSTHAN_EQ EXPRESSION
   26           | EXPRESSION . '+' EXPRESSION
   27           | EXPRESSION . '-' EXPRESSION
   28           | EXPRESSION . '*' EXPRESSION
   29           | EXPRESSION . '/' EXPRESSION
   30           | EXPRESSION . '%' EXPRESSION

    '*'  shift, and go to state 35
    '/'  shift, and go to state 36
    '%'  shift, and go to state 46

    $default  reduce using rule 23 (EXPRESSION)


state 66

   18 EXPRESSION: EXPRESSION . OPE_VERT_VERT EXPRESSION
   19           | EXPRESSION . OPE_AND_AND EXPRESSION
   20           | EXPRESSION . OPE_EQ_EQ EXPRESSION
   21           | EXPRESSION . OPE_EXCL_EQ EXPRESSION
   21           | EXPRESSION OPE_EXCL_EQ EXPRESSION .
   22           | EXPRESSION . '>' EXPRESSION
   23           | EXPRESSION . OPE_MORETHAN_EQ EXPRESSION
   24           | EXPRESSION . '<' EXPRESSION
   25           | EXPRESSION . OPE_LESSTHAN_EQ EXPRESSION
   26           | EXPRESSION . '+' EXPRESSION
   27           | EXPRESSION . '-' EXPRESSION
   28           | EXPRESSION . '*' EXPRESSION
   29           | EXPRESSION . '/' EXPRESSION
   30           | EXPRESSION . '%' EXPRESSION

    '*'  shift, and go to state 35
    '/'  shift, and go to state 36
    '%'  shift, and go to state 46

    $default  reduce using rule 21 (EXPRESSION)


state 67

   18 EXPRESSION: EXPRESSION . OPE_VERT_VERT EXPRESSION
   19           | EXPRESSION . OPE_AND_AND EXPRESSION
   20           | EXPRESSION . OPE_EQ_EQ EXPRESSION
   20           | EXPRESSION OPE_EQ_EQ EXPRESSION .
   21           | EXPRESSION . OPE_EXCL_EQ EXPRESSION
   22           | EXPRESSION . '>' EXPRESSION
   23           | EXPRESSION . OPE_MORETHAN_EQ EXPRESSION
   24           | EXPRESSION . '<' EXPRESSION
   25           | EXPRESSION . OPE_LESSTHAN_EQ EXPRESSION
   26           | EXPRESSION . '+' EXPRESSION
   27           | EXPRESSION . '-' EXPRESSION
   28           | EXPRESSION . '*' EXPRESSION
   29           | EXPRESSION . '/' EXPRESSION
   30           | EXPRESSION . '%' EXPRESSION

    '*'  shift, and go to state 35
    '/'  shift, and go to state 36
    '%'  shift, and go to state 46

    $default  reduce using rule 20 (EXPRESSION)


state 68

    4 line: EXPRESSION ';' NEWLINE .

    $default  reduce using rule 4 (line)


state 69

   18 EXPRESSION: EXPRESSION . OPE_VERT_VERT EXPRESSION
   19           | EXPRESSION . OPE_AND_AND EXPRESSION
   20           | EXPRESSION . OPE_EQ_EQ EXPRESSION
   21           | EXPRESSION . OPE_EXCL_EQ EXPRESSION
   22           | EXPRESSION . '>' EXPRESSION
   23           | EXPRESSION . OPE_MORETHAN_EQ EXPRESSION
   24           | EXPRESSION . '<' EXPRESSION
   25           | EXPRESSION . OPE_LESSTHAN_EQ EXPRESSION
   26           | EXPRESSION . '+' EXPRESSION
   27           | EXPRESSION . '-' EXPRESSION
   28           | EXPRESSION . '*' EXPRESSION
   29           | EXPRESSION . '/' EXPRESSION
   30           | EXPRESSION . '%' EXPRESSION
   30           | EXPRESSION '%' EXPRESSION .

    $default  reduce using rule 30 (EXPRESSION)


state 70

   34 EXPRESSION: ONE_OPERATOR_FUNCTION '(' EXPRESSION ')' .

    $default  reduce using rule 34 (EXPRESSION)
